c:\users\santi\source\repos\kuro\x64\release\frameworkeditor.lib
c:\users\santi\source\repos\kuro\x64\release\frameworkeditor.exp
c:\users\santi\source\repos\kuro\x64\release\frameworkeditor.ipdb
c:\users\santi\source\repos\kuro\x64\release\frameworkeditor.iobj
c:\users\santi\source\repos\kuro\api plugin\x64\release\vc141.pdb
c:\users\santi\source\repos\kuro\api plugin\x64\release\main.obj
c:\users\santi\source\repos\kuro\api plugin\x64\release\luamachine.obj
c:\users\santi\source\repos\kuro\api plugin\x64\release\imgui_widgets.obj
c:\users\santi\source\repos\kuro\api plugin\x64\release\imgui_tables.obj
c:\users\santi\source\repos\kuro\api plugin\x64\release\imgui_stdlib.obj
c:\users\santi\source\repos\kuro\api plugin\x64\release\imgui_impl_win32.obj
c:\users\santi\source\repos\kuro\api plugin\x64\release\imgui_impl_dx11.obj
c:\users\santi\source\repos\kuro\api plugin\x64\release\imgui_draw.obj
c:\users\santi\source\repos\kuro\api plugin\x64\release\imgui_demo.obj
c:\users\santi\source\repos\kuro\api plugin\x64\release\imgui.obj
c:\users\santi\source\repos\kuro\api plugin\x64\release\fileparser.obj
c:\users\santi\source\repos\kuro\api plugin\x64\release\editorgui.obj
c:\users\santi\source\repos\kuro\api plugin\x64\release\debugmousesupport.obj
c:\users\santi\source\repos\kuro\api plugin\x64\release\customstageselect.obj
c:\users\santi\source\repos\kuro\api plugin\x64\release\coopmod2.obj
c:\users\santi\source\repos\kuro\api plugin\x64\release\ccstageobjectmanager.obj
c:\users\santi\source\repos\kuro\api plugin\x64\release\ccstageobjectlist.obj
c:\users\santi\source\repos\kuro\api plugin\x64\release\ccstageinfodata.obj
c:\users\santi\source\repos\kuro\api plugin\x64\release\ccstageclump.obj
c:\users\santi\source\repos\kuro\api plugin\x64\release\ccstageanm.obj
c:\users\santi\source\repos\kuro\api plugin\x64\release\mouselook.obj
c:\users\santi\source\repos\kuro\api plugin\x64\release\frameworkfont.obj
c:\users\santi\source\repos\kuro\api plugin\x64\release\ccstageinfomanager.obj
c:\users\santi\source\repos\kuro\api plugin\x64\release\frameworkscene.obj
c:\users\santi\source\repos\kuro\api plugin\x64\release\ccscenezealot.obj
c:\users\santi\source\repos\kuro\api plugin\x64\release\ccscenepatcher.obj
c:\users\santi\source\repos\kuro\x64\release\frameworkeditor.dll
c:\users\santi\source\repos\kuro\x64\release\frameworkeditor.pdb
c:\users\santi\source\repos\kuro\api plugin\x64\release\api plugin.vcxprojassemblyreference.cache
c:\users\santi\source\repos\kuro\api plugin\x64\release\api plugin.tlog\api plugin.write.1u.tlog
c:\users\santi\source\repos\kuro\api plugin\x64\release\api plugin.tlog\cl.command.1.tlog
c:\users\santi\source\repos\kuro\api plugin\x64\release\api plugin.tlog\cl.read.1.tlog
c:\users\santi\source\repos\kuro\api plugin\x64\release\api plugin.tlog\cl.write.1.tlog
c:\users\santi\source\repos\kuro\api plugin\x64\release\api plugin.tlog\link.command.1.tlog
c:\users\santi\source\repos\kuro\api plugin\x64\release\api plugin.tlog\link.read.1.tlog
c:\users\santi\source\repos\kuro\api plugin\x64\release\api plugin.tlog\link.write.1.tlog
